This is pdfTeX, Version 3.14159265-2.6-1.40.20 (TeX Live 2019/Debian) (preloaded format=pdflatex 2023.5.31)  28 NOV 2023 10:44
entering extended mode
 restricted \write18 enabled.
 file:line:error style messages enabled.
 %&-line parsing enabled.
**"/home/leticia/√Årea de Trabalho/Leticia/Universidade/2023 - 2/Oficinas/Oficinas_2_doc/Proposta-projeto/main_file.tex"
(/home/leticia/√Årea de Trabalho/Leticia/Universidade/2023 - 2/Oficinas/Oficinas_2_doc/Proposta-projeto/main_file.tex
LaTeX2e <2020-02-02> patch level 2
L3 programming layer <2020-02-14> (/home/leticia/√Årea de Trabalho/Leticia/Universidade/2023 - 2/Oficinas/Oficinas_2_doc/Proposta-projeto/utfprct.cls
Document Class: utfprct 2021/10/11 v1.0.6
(/usr/share/texlive/texmf-dist/tex/latex/graphics/color.sty
Package: color 2019/11/23 v1.2a Standard LaTeX Color (DPC)
 (/usr/share/texlive/texmf-dist/tex/latex/graphics-cfg/color.cfg
File: color.cfg 2016/01/02 v1.6 sample color configuration
)
Package color Info: Driver file: pdftex.def on input line 147.
 (/usr/share/texlive/texmf-dist/tex/latex/graphics-def/pdftex.def
File: pdftex.def 2018/01/08 v1.0l Graphics/color driver for pdftex
)) (/usr/share/texlive/texmf-dist/tex/latex/substr/substr.sty
Package: substr 2009/10/20 v1.2 Handle substrings
\c@su@anzahl=\count167
)
-----> Option: pretextualoneside
-----> Option: fontetimes
-----> Option: semrecuonosumario
-----> Option: legendascentralizadas
-----> Option: pardeassinaturas
-----> Option: linhasdeassinaturas
(/usr/share/texlive/texmf-dist/tex/latex/abntex2/abntex2.cls
Document Class: abntex2 2018/11/24 v-1.9.7 abnTeX2
(/usr/share/texlive/texmf-dist/tex/latex/base/ifthen.sty
Package: ifthen 2014/09/29 v1.1c Standard LaTeX ifthen package (DPC)
) (/usr/share/texlive/texmf-dist/tex/latex/memoir/memoir.cls
Document Class: memoir 2019/11/21 v3.7j configurable book, report, article document class
\onelineskip=\skip47
\lxvchars=\skip48
\xlvchars=\skip49
\@memcnta=\count168
\c@@memmarkcntra=\count169
LaTeX Info: Redefining \InputIfFileExists on input line 140.
(/usr/share/texlive/texmf-dist/tex/generic/iftex/iftex.sty
Package: iftex 2019/11/07 v1.0c TeX engine tests
)
\stockheight=\skip50
\stockwidth=\skip51
\trimtop=\skip52
\trimedge=\skip53
 (/usr/share/texlive/texmf-dist/tex/latex/memoir/mem12.clo
File: mem12.clo 2010/10/19 v0.4b memoir class 12pt size option
)
\binding=\skip54
\spinemargin=\skip55
\foremargin=\skip56
\uppermargin=\skip57
\lowermargin=\skip58
\headdrop=\skip59
\normalrulethickness=\skip60
\mem@maxheadheight=\skip61
\mem@maxfootheight=\skip62
\headwidth=\skip63
\c@storedpagenumber=\count170
\memPD=\dimen134
\m@mabparskip=\skip64
\thanksmarkwidth=\skip65
\thanksmarksep=\skip66
\droptitle=\skip67
\c@book=\count171
\c@part=\count172
\c@chapter=\count173
\c@section=\count174
\c@subsection=\count175
\c@subsubsection=\count176
\c@paragraph=\count177
\c@subparagraph=\count178
\beforechapskip=\skip68
\midchapskip=\skip69
\afterchapskip=\skip70
\chapindent=\skip71
\bottomsectionskip=\skip72
\secindent=\skip73
\beforesecskip=\skip74
\aftersecskip=\skip75
\subsecindent=\skip76
\beforesubsecskip=\skip77
\aftersubsecskip=\skip78
\subsubsecindent=\skip79
\beforesubsubsecskip=\skip80
\aftersubsubsecskip=\skip81
\paraindent=\skip82
\beforeparaskip=\skip83
\afterparaskip=\skip84
\subparaindent=\skip85
\beforesubparaskip=\skip86
\aftersubparaskip=\skip87
\pfbreakskip=\skip88
\c@@ppsavesec=\count179
\c@@ppsaveapp=\count180
\ragrparindent=\dimen135
\everylistparindent=\dimen136
\parsepi=\skip89
\topsepi=\skip90
\itemsepi=\skip91
\parsepii=\skip92
\topsepii=\skip93
\topsepiii=\skip94
\itemsepii=\skip95
\itemsepiii=\skip96
\partopsepii=\skip97
\partopsepiii=\skip98
\m@msavetopsep=\skip99
\m@msavepartopsep=\skip100
\@enLab=\toks14
\abstitleskip=\skip101
\absleftindent=\skip102
\abs@leftindent=\dimen137
\absrightindent=\skip103
\absparindent=\skip104
\absparsep=\skip105
\c@vslineno=\count181
\c@poemline=\count182
\c@modulo@vs=\count183
\c@memfvsline=\count184
\vleftskip=\skip106
\vrightskip=\skip107
\stanzaskip=\skip108
\versewidth=\skip109
\vgap=\skip110
\vindent=\skip111
\vleftmargin=\dimen138
\c@verse=\count185
\c@chrsinstr=\count186
\beforepoemtitleskip=\skip112
\afterpoemtitleskip=\skip113
\c@poem=\count187
\beforePoemTitleskip=\skip114
\midPoemTitleskip=\skip115
\afterPoemTitleskip=\skip116
 (/usr/share/texlive/texmf-dist/tex/latex/tools/array.sty
Package: array 2019/08/31 v2.4l Tabular extension package (FMi)
\col@sep=\dimen139
\ar@mcellbox=\box45
\extrarowheight=\dimen140
\NC@list=\toks15
\extratabsurround=\skip117
\backup@length=\skip118
\ar@cellbox=\box46
) (/usr/share/texlive/texmf-dist/tex/latex/tools/dcolumn.sty
Package: dcolumn 2014/10/28 v1.06 decimal alignment package (DPC)
) (/usr/share/texlive/texmf-dist/tex/latex/tools/delarray.sty
Package: delarray 2014/10/28 v1.01 array delimiter package (DPC)
) (/usr/share/texlive/texmf-dist/tex/latex/tools/tabularx.sty
Package: tabularx 2020/01/15 v2.11c `tabularx' package (DPC)
\TX@col@width=\dimen141
\TX@old@table=\dimen142
\TX@old@col=\dimen143
\TX@target=\dimen144
\TX@delta=\dimen145
\TX@cols=\count188
\TX@ftn=\toks16
)
\heavyrulewidth=\dimen146
\lightrulewidth=\dimen147
\cmidrulewidth=\dimen148
\belowrulesep=\dimen149
\belowbottomsep=\dimen150
\aboverulesep=\dimen151
\abovetopsep=\dimen152
\cmidrulesep=\dimen153
\cmidrulekern=\dimen154
\defaultaddspace=\dimen155
\@cmidla=\count189
\@cmidlb=\count190
\@aboverulesep=\dimen156
\@belowrulesep=\dimen157
\@thisruleclass=\count191
\@lastruleclass=\count192
\@thisrulewidth=\dimen158
\ctableftskip=\skip119
\ctabrightskip=\skip120
\abovecolumnspenalty=\count193
\@linestogo=\count194
\@cellstogo=\count195
\@cellsincolumn=\count196
\crtok=\toks17
\@mincolumnwidth=\dimen159
\c@newflo@tctr=\count197
\mem@margin@floatbox=\box47
\@contcwidth=\skip121
\@contindw=\skip122
\abovecaptionskip=\skip123
\belowcaptionskip=\skip124
\subfloattopskip=\skip125
\subfloatcapskip=\skip126
\subfloatcaptopadj=\skip127
\subfloatbottomskip=\skip128
\subfloatlabelskip=\skip129
\subfloatcapmargin=\dimen160
\c@@contsubnum=\count198
\m@mscap@capbox=\box48
\m@mscap@fbox=\box49
\sidecapsep=\dimen161
\sidecapwidth=\dimen162
\m@m@tempdima=\dimen163
\m@mscapraise=\dimen164
\sidecapraise=\dimen165
\m@mscapmainwidth=\dimen166
\m@mscaplkern=\dimen167
\beforeepigraphskip=\skip130
\afterepigraphskip=\skip131
\epigraphwidth=\skip132
\epigraphrule=\skip133
LaTeX Info: Redefining \em on input line 7662.
LaTeX Info: Redefining \emph on input line 7670.
\tocentryskip=\skip134
\tocbaseline=\skip135
\cftparskip=\skip136
\cftbeforebookskip=\skip137
\cftbookindent=\dimen168
\cftbooknumwidth=\dimen169
\cftbeforepartskip=\skip138
\cftpartindent=\skip139
\cftpartnumwidth=\skip140
\cftbeforechapterskip=\skip141
\cftchapterindent=\skip142
\cftchapternumwidth=\skip143
\cftbeforesectionskip=\skip144
\cftsectionindent=\skip145
\cftsectionnumwidth=\skip146
\cftbeforesubsectionskip=\skip147
\cftsubsectionindent=\skip148
\cftsubsectionnumwidth=\skip149
\cftbeforesubsubsectionskip=\skip150
\cftsubsubsectionindent=\skip151
\cftsubsubsectionnumwidth=\skip152
\cftbeforeparagraphskip=\skip153
\cftparagraphindent=\skip154
\cftparagraphnumwidth=\skip155
\cftbeforesubparagraphskip=\skip156
\cftsubparagraphindent=\skip157
\cftsubparagraphnumwidth=\skip158
\prechapterprecisshift=\dimen170
\c@maxsecnumdepth=\count199
\bibindent=\dimen171
\bibitemsep=\skip159
\indexcolsep=\skip160
\indexrule=\skip161
\indexmarkstyle=\toks18
\@indexbox=\insert252
\glossarycolsep=\dimen172
\glossaryrule=\dimen173
\sideparvshift=\skip162
\sideins=\insert251
\sidebartopsep=\skip163
\sidebarhsep=\skip164
\sidebarvsep=\skip165
\sidebarwidth=\skip166
\footmarkwidth=\skip167
\footmarksep=\skip168
\footparindent=\skip169
\footinsdim=\skip170
\footinsv@r=\insert250
\@mpfootinsv@r=\insert249
\m@m@k=\count266
\m@m@h=\dimen174
\m@mipn@skip=\skip171
\sidefootins=\insert248
\sidefootadjust=\skip172
\sidefootheight=\skip173
\sidefoothsep=\skip174
\sidefootvsep=\skip175
\sidefootwidth=\skip176
\m@mdownsf=\skip177
\c@sidefootnote=\count267
\sidefootmarkwidth=\skip178
\sidefootmarksep=\skip179
\sidefootparindent=\skip180
\c@pagenote=\count268
\c@pagenoteshadow=\count269
\mem@pn@lastkern=\skip181
\every@verbatim=\toks19
\afterevery@verbatim=\toks20
\verbatim@line=\toks21
\tab@position=\count270
\verbatim@in@stream=\read2
\verbatimindent=\skip182
\verbatim@out=\write3
\bvboxsep=\skip183
\c@memfbvline=\count271
\c@bvlinectr=\count272
\bvnumlength=\skip184
\fb@frw=\dimen175
\fb@frh=\dimen176
\FrameRule=\dimen177
\FrameSep=\dimen178
\c@cp@cntr=\count273
LaTeX Info: Redefining \: on input line 12187.
LaTeX Info: Redefining \! on input line 12189.
\c@ism@mctr=\count274
\c@xsm@mctr=\count275
\c@csm@mctr=\count276
\c@ksm@mctr=\count277
\c@xksm@mctr=\count278
\c@cksm@mctr=\count279
\c@msm@mctr=\count280
\c@xmsm@mctr=\count281
\c@cmsm@mctr=\count282
\c@bsm@mctr=\count283
\c@workm@mctr=\count284
\c@sheetsequence=\count285
\c@lastsheet=\count286
\c@lastpage=\count287
 (/usr/share/texlive/texmf-dist/tex/latex/textcase/textcase.sty
Package: textcase 2019/09/14 v1.00 Text only upper/lower case changing (DPC)
)
\c@figure=\count288
\c@lofdepth=\count289
\cftbeforefigureskip=\skip185
\cftfigureindent=\skip186
\cftfigurenumwidth=\skip187
\c@table=\count290
\c@lotdepth=\count291
\cftbeforetableskip=\skip188
\cfttableindent=\skip189
\cfttablenumwidth=\skip190
Package abstract [2008/07/23] emulated by memoir.
Package appendix [2008/07/23] emulated by memoir.
Package booktabs [2016/05/16] emulated by memoir.
Package ccaption [2008/07/23] emulated by memoir.
Package changepage [2008/07/23] emulated by memoir.
Package chngcntr [2008/07/23] emulated by memoir.
Package chngpage [2008/07/23] emulated by memoir.
Package crop emulated by memoir.
Package enumerate [2008/07/23] emulated by memoir.
Package epigraph [2008/07/23] emulated by memoir.
Package ifmtarg [2008/07/23] emulated by memoir.
Package index [2008/07/23] emulated by memoir.
Package makeidx [2008/07/23] emulated by memoir.
Package moreverb [2008/07/23] emulated by memoir.
Package mparhack [2008/07/23] emulated by memoir.
Package needspace [2008/07/23] emulated by memoir.
Package newfile [2008/07/23] emulated by memoir.
Package nextpage [2008/07/23] emulated by memoir.
Package pagenote [2008/07/23] emulated by memoir.
Package parskip [2008/07/23] emulated by memoir.
Package patchcmd [2008/07/23] emulated by memoir.
Package setspace [2008/07/23] emulated by memoir.
Package shortvrb [2008/07/23] emulated by memoir.
Package showidx [2008/07/23] emulated by memoir.
Package titleref [2008/07/23] emulated by memoir.
Package titling [2008/07/23] emulated by memoir.
Package tocbibind [2008/07/23] emulated by memoir.
Package tocloft [2008/07/23] emulated by memoir.
Package tocvsec2 [2008/07/23] emulated by memoir.
Package verbatim [2008/07/23] emulated by memoir.
Package verse [2008/07/23] emulated by memoir.
) (/usr/share/texlive/texmf-dist/tex/latex/hyperref/hyperref.sty
Package: hyperref 2020/01/14 v7.00d Hypertext links for LaTeX
 (/usr/share/texlive/texmf-dist/tex/generic/ltxcmds/ltxcmds.sty
Package: ltxcmds 2019/12/15 v1.24 LaTeX kernel commands for general use (HO)
) (/usr/share/texlive/texmf-dist/tex/latex/pdftexcmds/pdftexcmds.sty
Package: pdftexcmds 2019/11/24 v0.31 Utility functions of pdfTeX for LuaTeX (HO)
 (/usr/share/texlive/texmf-dist/tex/generic/infwarerr/infwarerr.sty
Package: infwarerr 2019/12/03 v1.5 Providing info/warning/error messages (HO)
)
Package pdftexcmds Info: \pdf@primitive is available.
Package pdftexcmds Info: \pdf@ifprimitive is available.
Package pdftexcmds Info: \pdfdraftmode found.
) (/usr/share/texlive/texmf-dist/tex/latex/graphics/keyval.sty
Package: keyval 2014/10/28 v1.15 key=value parser (DPC)
\KV@toks@=\toks22
) (/usr/share/texlive/texmf-dist/tex/generic/kvsetkeys/kvsetkeys.sty
Package: kvsetkeys 2019/12/15 v1.18 Key value parser (HO)
) (/usr/share/texlive/texmf-dist/tex/generic/kvdefinekeys/kvdefinekeys.sty
Package: kvdefinekeys 2019-12-19 v1.6 Define keys (HO)
) (/usr/share/texlive/texmf-dist/tex/generic/pdfescape/pdfescape.sty
Package: pdfescape 2019/12/09 v1.15 Implements pdfTeX's escape features (HO)
) (/usr/share/texlive/texmf-dist/tex/latex/hycolor/hycolor.sty
Package: hycolor 2020-01-27 v1.10 Color options for hyperref/bookmark (HO)
) (/usr/share/texlive/texmf-dist/tex/latex/letltxmacro/letltxmacro.sty
Package: letltxmacro 2019/12/03 v1.6 Let assignment for LaTeX macros (HO)
) (/usr/share/texlive/texmf-dist/tex/latex/auxhook/auxhook.sty
Package: auxhook 2019-12-17 v1.6 Hooks for auxiliary files (HO)
) (/usr/share/texlive/texmf-dist/tex/latex/kvoptions/kvoptions.sty
Package: kvoptions 2019/11/29 v3.13 Key value format for package options (HO)
)
\@linkdim=\dimen179
\Hy@linkcounter=\count292
\Hy@pagecounter=\count293
 (/usr/share/texlive/texmf-dist/tex/latex/hyperref/pd1enc.def
File: pd1enc.def 2020/01/14 v7.00d Hyperref: PDFDocEncoding definition (HO)
Now handling font encoding PD1 ...
... no UTF-8 mapping file for font encoding PD1
) (/usr/share/texlive/texmf-dist/tex/generic/intcalc/intcalc.sty
Package: intcalc 2019/12/15 v1.3 Expandable calculations with integers (HO)
) (/usr/share/texlive/texmf-dist/tex/generic/etexcmds/etexcmds.sty
Package: etexcmds 2019/12/15 v1.7 Avoid name clashes with e-TeX commands (HO)
)
\Hy@SavedSpaceFactor=\count294
\pdfmajorversion=\count295
Package hyperref Info: Hyper figures OFF on input line 4547.
Package hyperref Info: Link nesting OFF on input line 4552.
Package hyperref Info: Hyper index ON on input line 4555.
Package hyperref Info: Plain pages OFF on input line 4562.
Package hyperref Info: Backreferencing OFF on input line 4567.
Package hyperref Info: Implicit mode ON; LaTeX internals redefined.
Package hyperref Info: Bookmarks ON on input line 4800.
\c@Hy@tempcnt=\count296
 (/usr/share/texlive/texmf-dist/tex/latex/url/url.sty
\Urlmuskip=\muskip16
Package: url 2013/09/16  ver 3.4  Verb mode for urls, etc.
)
LaTeX Info: Redefining \url on input line 5159.
\XeTeXLinkMargin=\dimen180
 (/usr/share/texlive/texmf-dist/tex/generic/bitset/bitset.sty
Package: bitset 2019/12/09 v1.3 Handle bit-vector datatype (HO)
 (/usr/share/texlive/texmf-dist/tex/generic/bigintcalc/bigintcalc.sty
Package: bigintcalc 2019/12/15 v1.5 Expandable calculations on big integers (HO)
))
\Fld@menulength=\count297
\Field@Width=\dimen181
\Fld@charsize=\dimen182
Package hyperref Info: Hyper figures OFF on input line 6430.
Package hyperref Info: Link nesting OFF on input line 6435.
Package hyperref Info: Hyper index ON on input line 6438.
Package hyperref Info: backreferencing OFF on input line 6445.
Package hyperref Info: Link coloring OFF on input line 6450.
Package hyperref Info: Link coloring with OCG OFF on input line 6455.
Package hyperref Info: PDF/A mode OFF on input line 6460.
LaTeX Info: Redefining \ref on input line 6500.
LaTeX Info: Redefining \pageref on input line 6504.
 (/usr/share/texlive/texmf-dist/tex/generic/atbegshi/atbegshi.sty
Package: atbegshi 2019/12/05 v1.19 At begin shipout hook (HO)
)
\Hy@abspage=\count298
\c@Item=\count299
\c@Hfootnote=\count300
) (/usr/share/texlive/texmf-dist/tex/latex/memoir/memhfixc.sty
Package: memhfixc 2019/10/24 v1.18 nameref/hyperref package fixes for memoir class
\c@memhycontfloat=\count301
\c@Hpagenote=\count302
)
Package hyperref Info: Driver (autodetected): hpdftex.
 (/usr/share/texlive/texmf-dist/tex/latex/hyperref/hpdftex.def
File: hpdftex.def 2020/01/14 v7.00d Hyperref driver for pdfTeX
 (/usr/share/texlive/texmf-dist/tex/latex/atveryend/atveryend.sty
Package: atveryend 2019-12-11 v1.11 Hooks at the very end of document (HO)
Package atveryend Info: \enddocument detected (standard20110627).
)
\Fld@listcount=\count303
\c@bookmark@seq@number=\count304
 (/usr/share/texlive/texmf-dist/tex/latex/rerunfilecheck/rerunfilecheck.sty
Package: rerunfilecheck 2019/12/05 v1.9 Rerun checks for auxiliary files (HO)
 (/usr/share/texlive/texmf-dist/tex/generic/uniquecounter/uniquecounter.sty
Package: uniquecounter 2019/12/15 v1.4 Provide unlimited unique counter (HO)
)
Package uniquecounter Info: New unique counter `rerunfilecheck' on input line 286.
)
\Hy@SectionHShift=\skip191
) (/usr/share/texlive/texmf-dist/tex/latex/bookmark/bookmark.sty
Package: bookmark 2019/12/03 v1.28 PDF bookmarks (HO)
 (/usr/share/texlive/texmf-dist/tex/latex/bookmark/bkm-pdftex.def
File: bkm-pdftex.def 2019/12/03 v1.28 bookmark driver for pdfTeX (HO)
\BKM@id=\count305
)) (/usr/share/texlive/texmf-dist/tex/generic/babel/babel.sty
Package: babel 2020/02/14 3.40 The Babel package
 (/usr/share/texlive/texmf-dist/tex/generic/babel/switch.def
File: switch.def 2020/02/14 3.40 Babel switching mechanism
) (/usr/share/texlive/texmf-dist/tex/generic/babel-english/english.ldf
Language: english 2017/06/06 v3.3r English support from the babel system
 (/usr/share/texlive/texmf-dist/tex/generic/babel/babel.def
File: babel.def 2020/02/14 3.40 Babel common definitions
\babel@savecnt=\count306
\U@D=\dimen183
 (/usr/share/texlive/texmf-dist/tex/generic/babel/txtbabel.def)
\bbl@readstream=\read3
\bbl@dirlevel=\count307
)
Package babel Info: \l@canadian = using hyphenrules for english
(babel)             (\language0) on input line 102.
Package babel Info: \l@australian = using hyphenrules for ukenglish
(babel)             (\language71) on input line 105.
Package babel Info: \l@newzealand = using hyphenrules for ukenglish
(babel)             (\language71) on input line 108.
) (/usr/share/texlive/texmf-dist/tex/generic/babel-french/french.ldf
Language: french 2020/01/30 v3.5g French support from the babel system
Package babel Info: \l@acadian = using hyphenrules for french
(babel)             (\language62) on input line 91.
Package babel Info: \l@canadien = using hyphenrules for french
(babel)             (\language62) on input line 92.
\FB@nonchar=\count308
Package babel Info: Making : an active character on input line 419.
Package babel Info: Making ; an active character on input line 420.
Package babel Info: Making ! an active character on input line 421.
Package babel Info: Making ? an active character on input line 422.
\FBguill@level=\count309
\FBold@everypar=\toks23
\FB@Mht=\dimen184
\mc@charclass=\count310
\mc@charfam=\count311
\mc@charslot=\count312
\std@mcc=\count313
\dec@mcc=\count314
\c@FBcaption@count=\count315
\listindentFB=\dimen185
\descindentFB=\dimen186
\labelindentFB=\dimen187
\labelwidthFB=\dimen188
\leftmarginFB=\dimen189
\parindentFFN=\dimen190
\FBfnindent=\dimen191
) (/usr/share/texlive/texmf-dist/tex/generic/babel-spanish/spanish.ldf
Language: spanish.ldf 2016/03/03 v5.0p Spanish support from the babel system
\es@quottoks=\toks24
\es@quotdepth=\count316
Package babel Info: Making " an active character on input line 561.
Package babel Info: Making . an active character on input line 662.
Package babel Info: Making < an active character on input line 707.
Package babel Info: Making > an active character on input line 707.
) (/usr/share/texlive/texmf-dist/tex/generic/babel-portuges/portuges.ldf
Language: portuges 2008/03/18 v1.2q Portuguese support from the babel system
Package babel Info: \l@brazil = using hyphenrules for portuguese
(babel)             (\language38) on input line 113.
)) (/usr/share/texlive/texmf-dist/tex/latex/carlisle/scalefnt.sty) (/usr/share/texlive/texmf-dist/tex/latex/enumitem/enumitem.sty
Package: enumitem 2019/06/20 v3.9 Customized lists
\labelindent=\skip192
\enit@outerparindent=\dimen192
\enit@toks=\toks25
\enit@inbox=\box50
\enit@count@id=\count317
\enitdp@description=\count318
) (/usr/share/texlive/texmf-dist/tex/latex/tools/calc.sty
Package: calc 2017/05/25 v4.3 Infix arithmetic (KKT,FJ)
\calc@Acount=\count319
\calc@Bcount=\count320
\calc@Adimen=\dimen193
\calc@Bdimen=\dimen194
\calc@Askip=\skip193
\calc@Bskip=\skip194
LaTeX Info: Redefining \setlength on input line 80.
LaTeX Info: Redefining \addtolength on input line 81.
\calc@Ccount=\count321
\calc@Cskip=\skip195
)

******************************************************
Stock height and width: 845.04684pt by 597.50787pt
Top and edge trims: 0pt and 0pt
Page height and width: 845.04684pt by 597.50787pt
Text height and width: 708pt by 455pt
Spine and edge margins: 85.35826pt and 56.9055pt
Upper and lower margins: 85.35826pt and 51.68858pt
Headheight and headsep: 14.5pt and 19.8738pt
Footskip: 30pt
Columnsep and columnseprule: 10pt and 0pt
Marginparsep and marginparwidth: 7pt and 42.9055pt
Sidecapsep and sidecapwidth: 7pt and 42pt
Sidebarhsep and sidebarwidth: 7pt and 42pt
Sidebarvsep and sidebartopsep: 14.5pt and 0pt
Sidebarheight: 590.14995pt
Sidefoothsep and sidefootwidth: 7pt and 42pt
Sidefootvsep and sidefootheight: 14.5pt and 590.14995pt
******************************************************

\c@abntex@bookmarkcounter=\count322
\cftlastnumwidth=\skip196
\chapternamenumlength=\skip197
\ABNTEXcitacaorecuo=\skip198
\c@alineasi=\count323
\c@alineasii=\count324
\enitdp@alineas=\count325
\c@subalineasi=\count326
\enitdp@subalineas=\count327
\c@incisosi=\count328
\enitdp@incisos=\count329
\ABNTEXsignwidth=\skip199
\ABNTEXsignthickness=\skip256
\ABNTEXsignskip=\skip257
) (/usr/share/texlive/texmf-dist/tex/latex/silence/silence.sty
Package: silence 2012/07/02 v1.5b Selective filtering of warnings and error messages
\sl@Save=\count330
\sl@StateNumber=\count331
\sl@MessageCount=\count332
\sl@Casualties=\count333
\sl@Filter=\toks26
\sl@Message=\toks27
\sl@UnexpandedMessage=\toks28
\sl@Mess@ge=\toks29
\sl@WarningCount=\count334
\sl@WarningNumber=\count335
\sl@WarningCasualties=\count336
\sl@TempBOW=\toks30
\sl@BankOfWarnings=\toks31
LaTeX Info: Redefining \GenericWarning on input line 433.
\sl@ErrorCount=\count337
\sl@ErrorNumber=\count338
\sl@ErrorCasualties=\count339
\sl@TempBOE=\toks32
\sl@BankOfErrors=\toks33
LaTeX Info: Redefining \GenericError on input line 601.
) (/usr/share/texlive/texmf-dist/tex/latex/base/inputenc.sty
Package: inputenc 2018/08/11 v1.3c Input encoding file
\inpenc@prehook=\toks34
\inpenc@posthook=\toks35
) (/usr/share/texlive/texmf-dist/tex/latex/cmap/cmap.sty
Package: cmap 2008/03/06 v1.0h CMap support: searchable PDF
) (/usr/share/texlive/texmf-dist/tex/latex/ae/ae.sty
Package: ae 2001/02/12 1.3 Almost European Computer Modern
 (/usr/share/texlive/texmf-dist/tex/latex/base/fontenc.sty
Package: fontenc 2020/02/11 v2.0o Standard LaTeX package
<<t1.cmap>>)) (/usr/share/texlive/texmf-dist/tex/latex/graphics/graphics.sty
Package: graphics 2019/11/30 v1.4a Standard LaTeX Graphics (DPC,SPQR)
 (/usr/share/texlive/texmf-dist/tex/latex/graphics/trig.sty
Package: trig 2016/01/03 v1.10 sin cos tan (DPC)
) (/usr/share/texlive/texmf-dist/tex/latex/graphics-cfg/graphics.cfg
File: graphics.cfg 2016/06/04 v1.11 sample graphics configuration
)
Package graphics Info: Driver file: pdftex.def on input line 105.
) (/usr/share/texlive/texmf-dist/tex/latex/graphics/graphicx.sty
Package: graphicx 2019/11/30 v1.2a Enhanced LaTeX Graphics (DPC,SPQR)
\Gin@req@height=\dimen195
\Gin@req@width=\dimen196
) (/usr/share/texlive/texmf-dist/tex/latex/base/fix-cm.sty
Package: fix-cm 2015/01/14 v1.1t fixes to LaTeX
 (/usr/share/texlive/texmf-dist/tex/latex/base/ts1enc.def
File: ts1enc.def 2001/06/05 v3.0e (jk/car/fm) Standard LaTeX file
LaTeX Font Info:    Redeclaring font encoding TS1 on input line 47.
)) (/usr/share/texlive/texmf-dist/tex/latex/hyphenat/hyphenat.sty
Package: hyphenat 2009/09/02 v2.3c hyphenation utilities
\langwohyphens=\language85
LaTeX Info: Redefining \_ on input line 43.
) (/usr/share/texlive/texmf-dist/tex/latex/abntex2/abntex2cite.sty
Package: abntex2cite 2018/11/24 v-1.9.7 abnTeX2
 (/usr/share/texlive/texmf-dist/tex/latex/abntex2/abntex2abrev.sty)
\minimumbiblabelwidth=\skip258
\ABCIauxlen=\skip259
\c@ABCIaux=\count340
\c@ABCImax=\count341
 (/usr/share/texlive/texmf-dist/tex/generic/iftex/ifpdf.sty
Package: ifpdf 2019/10/25 v3.4 ifpdf legacy package. Use iftex instead.
) (/usr/share/texlive/texmf-dist/tex/generic/iftex/ifxetex.sty
Package: ifxetex 2019/10/25 v0.7 ifxetex legacy package. Use iftex instead.
) (/usr/share/texlive/texmf-dist/tex/latex/relsize/relsize.sty
Package: relsize 2013/03/29 ver 4.1
)
\biblabelsep=\skip260
LaTeX Info: Redefining \newblock on input line 591.
LaTeX Info: Redefining \cite on input line 618.
\ABCItoken=\toks36
) (/usr/share/texlive/texmf-dist/tex/latex/geometry/geometry.sty
Package: geometry 2020/01/02 v5.9 Page Geometry
 (/usr/share/texlive/texmf-dist/tex/generic/iftex/ifvtex.sty
Package: ifvtex 2019/10/25 v1.7 ifvtex legacy package. Use iftex instead.
)
\Gm@cnth=\count342
\Gm@cntv=\count343
\c@Gm@tempcnt=\count344
\Gm@bindingoffset=\dimen197
\Gm@wd@mp=\dimen198
\Gm@odd@mp=\dimen199
\Gm@even@mp=\dimen256
\Gm@layoutwidth=\dimen257
\Gm@layoutheight=\dimen258
\Gm@layouthoffset=\dimen259
\Gm@layoutvoffset=\dimen260
\Gm@dimlist=\toks37
) (/usr/share/texlive/texmf-dist/tex/latex/lastpage/lastpage.sty
Package: lastpage 2015/03/29 v1.2m Refers to last page's name (HMM; JPG)
) (/usr/share/texlive/texmf-dist/tex/latex/algorithms/algorithmic.sty
Package: algorithmic 2009/08/24 v0.1 Document Style `algorithmic'
\c@ALC@unique=\count345
\c@ALC@line=\count346
\c@ALC@rem=\count347
\c@ALC@depth=\count348
\ALC@tlm=\skip261
\algorithmicindent=\skip262
) (/usr/share/texlive/texmf-dist/tex/latex/glossaries/base/glossaries.sty
Package: glossaries 2020/02/13 v4.45 (NLCT)
 (/usr/share/texlive/texmf-dist/tex/latex/xkeyval/xkeyval.sty
Package: xkeyval 2014/12/03 v2.7a package option processing (HA)
 (/usr/share/texlive/texmf-dist/tex/generic/xkeyval/xkeyval.tex (/usr/share/texlive/texmf-dist/tex/generic/xkeyval/xkvutils.tex
\XKV@toks=\toks38
\XKV@tempa@toks=\toks39
)
\XKV@depth=\count349
File: xkeyval.tex 2014/12/03 v2.7a key=value parser (HA)
)) (/usr/share/texlive/texmf-dist/tex/latex/mfirstuc/mfirstuc.sty
Package: mfirstuc 2017/11/14 v2.06 (NLCT)
 (/usr/share/texlive/texmf-dist/tex/latex/etoolbox/etoolbox.sty
Package: etoolbox 2019/09/21 v2.5h e-TeX tools for LaTeX (JAW)
\etb@tempcnta=\count350
)
\@glsmfirst=\toks40
\@glsmrest=\toks41
) (/usr/share/texlive/texmf-dist/tex/latex/xfor/xfor.sty
Package: xfor 2009/02/05 v1.05 (NLCT)
) (/usr/share/texlive/texmf-dist/tex/latex/datatool/datatool-base.sty
Package: datatool-base 2019/09/27 v2.32 (NLCT)
 (/usr/share/texlive/texmf-dist/tex/latex/amsmath/amsmath.sty
Package: amsmath 2020/01/20 v2.17e AMS math features
\@mathmargin=\skip263

For additional information on amsmath, use the `?' option.
(/usr/share/texlive/texmf-dist/tex/latex/amsmath/amstext.sty
Package: amstext 2000/06/29 v2.01 AMS text
 (/usr/share/texlive/texmf-dist/tex/latex/amsmath/amsgen.sty
File: amsgen.sty 1999/11/30 v2.0 generic functions
\@emptytoks=\toks42
\ex@=\dimen261
)) (/usr/share/texlive/texmf-dist/tex/latex/amsmath/amsbsy.sty
Package: amsbsy 1999/11/29 v1.2d Bold Symbols
\pmbraise@=\dimen262
) (/usr/share/texlive/texmf-dist/tex/latex/amsmath/amsopn.sty
Package: amsopn 2016/03/08 v2.02 operator names
)
\inf@bad=\count351
LaTeX Info: Redefining \frac on input line 227.
\uproot@=\count352
\leftroot@=\count353
LaTeX Info: Redefining \overline on input line 389.
\classnum@=\count354
\DOTSCASE@=\count355
LaTeX Info: Redefining \ldots on input line 486.
LaTeX Info: Redefining \dots on input line 489.
LaTeX Info: Redefining \cdots on input line 610.
\Mathstrutbox@=\box51
\strutbox@=\box52
\big@size=\dimen263
LaTeX Font Info:    Redeclaring font encoding OML on input line 733.
LaTeX Font Info:    Redeclaring font encoding OMS on input line 734.
\macc@depth=\count356
\c@MaxMatrixCols=\count357
\dotsspace@=\muskip17
\c@parentequation=\count358
\dspbrk@lvl=\count359
\tag@help=\toks43
\row@=\count360
\column@=\count361
\maxfields@=\count362
\andhelp@=\toks44
\eqnshift@=\dimen264
\alignsep@=\dimen265
\tagshift@=\dimen266
\tagwidth@=\dimen267
\totwidth@=\dimen268
\lineht@=\dimen269
\@envbody=\toks45
\multlinegap=\skip264
\multlinetaggap=\skip265
\mathdisplay@stack=\toks46
LaTeX Info: Redefining \[ on input line 2859.
LaTeX Info: Redefining \] on input line 2860.
) (/usr/share/texlive/texmf-dist/tex/latex/datatool/datatool-fp.sty
Package: datatool-fp 2019/09/27 v2.32 (NLCT)
 (/usr/share/texlive/texmf-dist/tex/latex/fp/fp.sty
Package: fp 1995/04/02
 `Fixed Point Package', Version 0.8, April 2, 1995 (C) Michael Mehlich (/usr/share/texlive/texmf-dist/tex/latex/fp/defpattern.sty
Package: defpattern 1994/10/12
\actioncount=\count363
) (/usr/share/texlive/texmf-dist/tex/latex/fp/fp-basic.sty
Package: fp-basic 1996/05/13
\FP@xs=\count364
\FP@xia=\count365
\FP@xib=\count366
\FP@xfa=\count367
\FP@xfb=\count368
\FP@rega=\count369
\FP@regb=\count370
\FP@regs=\count371
\FP@times=\count372
) (/usr/share/texlive/texmf-dist/tex/latex/fp/fp-addons.sty
Package: fp-addons 1995/03/15
) (/usr/share/texlive/texmf-dist/tex/latex/fp/fp-snap.sty
Package: fp-snap 1995/04/05
) (/usr/share/texlive/texmf-dist/tex/latex/fp/fp-exp.sty
Package: fp-exp 1995/04/03
) (/usr/share/texlive/texmf-dist/tex/latex/fp/fp-trigo.sty
Package: fp-trigo 1995/04/14
) (/usr/share/texlive/texmf-dist/tex/latex/fp/fp-pas.sty
Package: fp-pas 1994/08/29
) (/usr/share/texlive/texmf-dist/tex/latex/fp/fp-random.sty
Package: fp-random 1995/02/23
\FPseed=\count373
) (/usr/share/texlive/texmf-dist/tex/latex/fp/fp-eqn.sty
Package: fp-eqn 1995/04/03
) (/usr/share/texlive/texmf-dist/tex/latex/fp/fp-upn.sty
Package: fp-upn 1996/10/21
) (/usr/share/texlive/texmf-dist/tex/latex/fp/fp-eval.sty
Package: fp-eval 1995/04/03
)))
\@dtl@toks=\toks47
\@dtl@tmpcount=\count374
\dtl@tmplength=\skip266
\dtl@sortresult=\count375
\@dtl@numgrpsepcount=\count376
\@dtl@datatype=\count377
\dtl@codeA=\count378
\dtl@codeB=\count379
\@dtl@foreach@level=\count380
) (/usr/share/texlive/texmf-dist/tex/latex/glossaries/base/glossaries-compatible-307.sty
Package: glossaries-compatible-307 2020/02/13 v4.45 (NLCT)
) (/usr/share/texlive/texmf-dist/tex/latex/tracklang/tracklang.sty
Package: tracklang 2019/11/30 v1.4 (NLCT) Track Languages
 (/usr/share/texlive/texmf-dist/tex/generic/tracklang/tracklang.tex)) (/usr/share/texlive/texmf-dist/tex/latex/translator/translator.sty
Package: translator 2019-05-31 v1.12a Easy translation of strings in LaTeX
) (/usr/share/texlive/texmf-dist/tex/latex/glossaries-english/glossaries-english.ldf
File: glossaries-english.ldf 2014/11/23 v1.0
) (/usr/share/texlive/texmf-dist/tex/latex/glossaries-french/glossaries-french.ldf
File: glossaries-french.ldf 2016/12/12 v1.1
) (/usr/share/texlive/texmf-dist/tex/latex/glossaries-spanish/glossaries-spanish.ldf
File: glossaries-spanish.ldf 2014/11/23 v1.0
 (/usr/share/texlive/texmf-dist/tex/latex/glossaries-spanish/glossaries-spanish-utf8.ldf)) (/usr/share/texlive/texmf-dist/tex/latex/glossaries-portuges/glossaries-pt-BR.ldf
File: glossaries-pt-BR.ldf 2014/11/23 v1.0
 (/usr/share/texlive/texmf-dist/tex/latex/glossaries-portuges/glossaries-portuges-utf8.ldf))
\gls@level=\count381
\@gls@tmpb=\toks48
\gls@tmplen=\skip267
\glskeylisttok=\toks49
\glslabeltok=\toks50
\glsshorttok=\toks51
\glslongtok=\toks52
 (/usr/share/texlive/texmf-dist/tex/latex/glossaries/styles/glossary-hypernav.sty
Package: glossary-hypernav 2020/02/13 v4.45 (NLCT)
) (/usr/share/texlive/texmf-dist/tex/latex/glossaries/styles/glossary-list.sty
Package: glossary-list 2020/02/13 v4.45 (NLCT)
\glslistdottedwidth=\skip268
) (/usr/share/texlive/texmf-dist/tex/latex/glossaries/styles/glossary-long.sty
Package: glossary-long 2020/02/13 v4.45 (NLCT)
 (/usr/share/texlive/texmf-dist/tex/latex/tools/longtable.sty
Package: longtable 2020/01/07 v4.13 Multi-page Table package (DPC)
\LTleft=\skip269
\LTright=\skip270
\LTpre=\skip271
\LTpost=\skip272
\LTchunksize=\count382
\LTcapwidth=\dimen270
\LT@head=\box53
\LT@firsthead=\box54
\LT@foot=\box55
\LT@lastfoot=\box56
\LT@cols=\count383
\LT@rows=\count384
\c@LT@tables=\count385
\c@LT@chunks=\count386
\LT@p@ftn=\toks53
)
\glsdescwidth=\skip273
\glspagelistwidth=\skip274
) (/usr/share/texlive/texmf-dist/tex/latex/glossaries/styles/glossary-tree.sty
Package: glossary-tree 2020/02/13 v4.45 (NLCT)
\glstreeindent=\skip275
)) (/usr/share/texlive/texmf-dist/tex/latex/nomencl/nomencl.sty
Package: nomencl 2019/11/23 v5.3 Nomenclature package
 (/usr/share/texlive/texmf-dist/tex/latex/koma-script/tocbasic.sty
Package: tocbasic 2020/01/24 v3.29 KOMA-Script package (handling toc-files)
 (/usr/share/texlive/texmf-dist/tex/latex/koma-script/scrbase.sty
Package: scrbase 2020/01/24 v3.29 KOMA-Script package (KOMA-Script-independent basics and keyval usage)
 (/usr/share/texlive/texmf-dist/tex/latex/koma-script/scrlfile.sty
Package: scrlfile 2020/01/24 v3.29 KOMA-Script package (loading files)
Package scrlfile Info: class `memoir' detected.
(scrlfile)             Using a compatible redefinition of \InputIfFileExists,
(scrlfile)             but always robust and with the fix of the
(scrlfile)             argument order bug even for old versions of the
(scrlfile)             LaTeX kernel on input line 72.
))
\scr@dte@tocline@numberwidth=\skip276
\scr@dte@tocline@numbox=\box57
)
Package tocbasic Info: setting babel extension for `nlo' on input line 163.
Package tocbasic Info: setting babel extension for `nls' on input line 164.
\nomlabelwidth=\dimen271
\nom@tempdim=\dimen272
\nomitemsep=\skip277
) (/usr/share/texlive/texmf-dist/tex/latex/SIstyle/sistyle.sty
Package: sistyle 2008/07/16 v2.3a SI units and numbers (DNJ Els)
\ttoks@A=\toks54
\ttoks@B=\toks55
) (/usr/share/texlive/texmf-dist/tex/latex/caption/caption.sty
Package: caption 2020/01/03 v3.4h Customizing captions (AR)
 (/usr/share/texlive/texmf-dist/tex/latex/caption/caption3.sty
Package: caption3 2020/01/03 v1.8h caption3 kernel (AR)
Package caption3 Info: TeX engine: e-TeX on input line 61.
\captionmargin=\dimen273
\captionmargin@=\dimen274
\captionwidth=\dimen275
\caption@tempdima=\dimen276
\caption@indent=\dimen277
\caption@parindent=\dimen278
\caption@hangindent=\dimen279
Package caption Info: memoir document class detected.
)
\c@caption@flags=\count387
\c@continuedfloat=\count388
Package caption Info: hyperref package is loaded.
Package caption Info: longtable package is loaded.
 (/usr/share/texlive/texmf-dist/tex/latex/caption/ltcaption.sty
Package: ltcaption 2018/08/26 v1.4a longtable captions (AR)
)) (/usr/share/texlive/texmf-dist/tex/latex/xtab/xtab.sty
Package: xtab 2011/07/31 v2.3f Extended supertabular package
\c@tracingst=\count389
\PWSTcapht=\dimen280
\ST@wd=\dimen281
\ST@rightskip=\skip278
\ST@leftskip=\skip279
\ST@parfillskip=\skip280
\c@PWSTtable=\count390
\PWSTlastpage=\count391
\PWSTpenultimate=\count392
\PWSTcurpage=\count393
\PWSTtempc=\count394
\PWSTlines=\count395
\PWST@lastht=\dimen282
\PWST@generalht=\dimen283
\PWST@ht=\dimen284
\ST@pageleft=\dimen285
\ST@headht=\dimen286
\ST@tailht=\dimen287
\ST@pagesofar=\dimen288
\ST@pboxht=\dimen289
\ST@lineht=\dimen290
\ST@stretchht=\dimen291
\ST@prevht=\dimen292
\ST@toadd=\dimen293
\ST@dimen=\dimen294
\ST@pbox=\box58
) (/usr/share/texlive/texmf-dist/tex/latex/tools/indentfirst.sty
Package: indentfirst 1995/11/23 v1.03 Indent first paragraph (DPC)
) (/usr/share/texlive/texmf-dist/tex/latex/morewrites/morewrites.sty (/usr/share/texlive/texmf-dist/tex/latex/l3kernel/expl3.sty
Package: expl3 2020-02-14 L3 programming layer (loader) 
 (/usr/share/texlive/texmf-dist/tex/latex/l3backend/l3backend-pdfmode.def
File: l3backend-pdfmode.def 2020-02-03 L3 backend support: PDF mode
\l__kernel_color_stack_int=\count396
\l__pdf_internal_box=\box59
)) (/usr/share/texlive/texmf-dist/tex/latex/morewrites/primargs.sty
Package: primargs 2018/12/29 Parsing arguments of primitives
)
Package: morewrites 2018/12/29 Always room for a new write
\g__morewrites_later_int=\count397
\l__morewrites_user_int=\count398
\g__morewrites_iow=\write4
\g__morewrites_ior=\read4
\g__morewrites_group_level_int=\count399
\g__morewrites_shipout_box=\box60
\l__morewrites_collect_next_int=\count400
\g__morewrites_alloc_write_int=\count401
) (/usr/share/texlive/texmf-dist/tex/latex/pdfpages/pdfpages.sty
Package: pdfpages 2020/01/28 v0.5q Insert pages of external PDF documents (AM)
 (/usr/share/texlive/texmf-dist/tex/latex/eso-pic/eso-pic.sty
Package: eso-pic 2018/04/12 v2.0h eso-pic (RN)
)
\AM@pagewidth=\dimen295
\AM@pageheight=\dimen296
 (/usr/share/texlive/texmf-dist/tex/latex/pdfpages/pppdftex.def
File: pppdftex.def 2020/01/28 v0.5q Pdfpages driver for pdfTeX (AM)
)
\AM@pagebox=\box61
\AM@global@opts=\toks56
\AM@pagecnt=\count402
\AM@toc@title=\toks57
\c@AM@survey=\count403
\AM@templatesizebox=\box62
) (/usr/share/texlive/texmf-dist/tex/latex/fancyhdr/fancyhdr.sty
Package: fancyhdr 2019/01/31 v3.10 Extensive control of page headers and footers
\f@nch@headwidth=\skip281
\f@nch@O@elh=\skip282
\f@nch@O@erh=\skip283
\f@nch@O@olh=\skip284
\f@nch@O@orh=\skip285
\f@nch@O@elf=\skip286
\f@nch@O@erf=\skip287
\f@nch@O@olf=\skip288
\f@nch@O@orf=\skip289
)
Package hyperref Info: Option `breaklinks' set `true' on input line 201.
Package hyperref Info: Option `colorlinks' set `true' on input line 201.
Package hyperref Info: Option `bookmarksopen' set `true' on input line 201.
Package hyperref Info: Option `bookmarksnumbered' set `true' on input line 201.
Package hyperref Info: Option `pdfdisplaydoctitle' set `true' on input line 201.
 (/usr/share/texlive/texmf-dist/tex/latex/psnfss/times.sty
Package: times 2005/04/12 PSNFSS-v9.2a (SPQR) 
) (/usr/share/texlive/texmf-dist/tex/latex/psnfss/helvet.sty
Package: helvet 2005/04/12 PSNFSS-v9.2a (WaS) 
)
*geometry* verbose mode - [ newgeometry ] result:
* driver: 
* paper: a4paper
* layout: <same size as paper>
* layoutoffset:(h,v)=(0.0pt,0.0pt)
* modes: 
* h-part:(L,W,R)=(85.35826pt, 455.24411pt, 56.9055pt)
* v-part:(T,H,B)=(85.35826pt, 702.78308pt, 56.9055pt)
* \paperwidth=597.50787pt
* \paperheight=845.04684pt
* \textwidth=455.24411pt
* \textheight=702.78308pt
* \oddsidemargin=13.08827pt
* \evensidemargin=13.08827pt
* \topmargin=-31.01347pt
* \headheight=28.45274pt
* \headsep=15.649pt
* \topskip=12.0pt
* \footskip=14.22636pt
* \marginparwidth=42.9055pt
* \marginparsep=7.0pt
* \columnsep=10.0pt
* \skip\footins=12.0pt plus 4.0pt minus 4.0pt
* \hoffset=0.0pt
* \voffset=0.0pt
* \mag=1000
* \@twocolumnfalse
* \@twosidefalse
* \@mparswitchfalse
* \@reversemarginfalse
* (1in=72.27pt=25.4mm, 1cm=28.453pt)

\linha=\skip290
\c@loadepth=\count404
\c@algorithm=\count405
\cftbeforealgorithmskip=\skip291
\cftalgorithmindent=\skip292
\cftalgorithmnumwidth=\skip293
\c@lopdepth=\count406
\c@photograph=\count407
\cftbeforephotographskip=\skip294
\cftphotographindent=\skip295
\cftphotographnumwidth=\skip296
\c@lohdepth=\count408
\c@graph=\count409
\cftbeforegraphskip=\skip297
\cftgraphindent=\skip298
\cftgraphnumwidth=\skip299
\c@loddepth=\count410
\c@tabframed=\count411
\cftbeforetabframedskip=\skip300
\cfttabframedindent=\skip301
\cfttabframednumwidth=\skip302
\rmnomlabel=\skip303
 (/usr/share/texlive/texmf-dist/tex/latex/caption/subcaption.sty
Package: subcaption 2020/01/22 v1.3d Sub-captions (AR)
\c@subfigure=\count412
\c@subtable=\count413
)) (/usr/share/texlive/texmf-dist/tex/latex/base/fontenc.sty
Package: fontenc 2020/02/11 v2.0o Standard LaTeX package
LaTeX Font Info:    Trying to load font information for T1+ptm on input line 112.
 (/usr/share/texlive/texmf-dist/tex/latex/psnfss/t1ptm.fd
File: t1ptm.fd 2001/06/04 font definitions for T1/ptm.
)) (/usr/share/texlive/texmf-dist/tex/latex/multirow/bigdelim.sty
Package: bigdelim 2019/05/31 v2.5 Create big delimiters in tabular or array
 (/usr/share/texlive/texmf-dist/tex/latex/multirow/multirow.sty
Package: multirow 2019/05/31 v2.5 Span multiple rows of a table
\multirow@colwidth=\skip304
\multirow@cntb=\count414
\multirow@dima=\skip305
\bigstrutjot=\dimen297
)) (/usr/share/texlive/texmf-dist/tex/latex/colortbl/colortbl.sty
Package: colortbl 2020/01/04 v1.0e Color table columns (DPC)
\everycr=\toks58
\minrowclearance=\skip306
) (/usr/share/texlive/texmf-dist/tex/latex/amsfonts/amssymb.sty
Package: amssymb 2013/01/14 v3.01 AMS font symbols
 (/usr/share/texlive/texmf-dist/tex/latex/amsfonts/amsfonts.sty
Package: amsfonts 2013/01/14 v3.01 Basic AMSFonts support
\symAMSa=\mathgroup4
\symAMSb=\mathgroup5
LaTeX Font Info:    Redeclaring math symbol \hbar on input line 98.
LaTeX Font Info:    Overwriting math alphabet `\mathfrak' in version `bold'
(Font)                  U/euf/m/n --> U/euf/b/n on input line 106.
)) (/usr/share/texlive/texmf-dist/tex/latex/amscls/amsthm.sty
Package: amsthm 2017/10/31 v2.20.4
\thm@style=\toks59
\thm@bodyfont=\toks60
\thm@headfont=\toks61
\thm@notefont=\toks62
\thm@headpunct=\toks63
\thm@preskip=\skip307
\thm@postskip=\skip308
\thm@headsep=\skip309
\dth@everypar=\toks64
) (/usr/share/texlive/texmf-dist/tex/latex/was/icomma.sty
Package: icomma 2002/03/10 v2.0 (WaS)
) (/usr/share/texlive/texmf-dist/tex/latex/psnfss/pifont.sty
Package: pifont 2005/04/12 PSNFSS-v9.2a Pi font support (SPQR) 
LaTeX Font Info:    Trying to load font information for U+pzd on input line 63.
 (/usr/share/texlive/texmf-dist/tex/latex/psnfss/upzd.fd
File: upzd.fd 2001/06/04 font definitions for U/pzd.
)
LaTeX Font Info:    Trying to load font information for U+psy on input line 64.
 (/usr/share/texlive/texmf-dist/tex/latex/psnfss/upsy.fd
File: upsy.fd 2001/06/04 font definitions for U/psy.
)) (/usr/share/texlive/texmf-dist/tex/latex/base/textcomp.sty
Package: textcomp 2020/02/02 v2.0n Standard LaTeX package
) (/usr/share/texlive/texmf-dist/tex/latex/wasysym/wasysym.sty
Package: wasysym 2020/01/19 v2.4 Wasy-2 symbol support package
\symwasy=\mathgroup6
LaTeX Font Info:    Overwriting symbol font `wasy' in version `bold'
(Font)                  U/wasy/m/n --> U/wasy/b/n on input line 93.
) (/usr/share/texlive/texmf-dist/tex/generic/ulem/ulem.sty
\UL@box=\box63
\UL@hyphenbox=\box64
\UL@skip=\skip310
\UL@hook=\toks65
\UL@height=\dimen298
\UL@pe=\count415
\UL@pixel=\dimen299
\ULC@box=\box65
Package: ulem 2019/11/18
\ULdepth=\dimen300
) (/home/leticia/√Årea de Trabalho/Leticia/Universidade/2023 - 2/Oficinas/Oficinas_2_doc/Proposta-projeto/main_file.aux (/home/leticia/√Årea de Trabalho/Leticia/Universidade/2023 - 2/Oficinas/Oficinas_2_doc/Proposta-projeto/preTextuais/resumo/resumo.aux) (/home/leticia/√Årea de Trabalho/Leticia/Universidade/2023 - 2/Oficinas/Oficinas_2_doc/Proposta-projeto/preTextuais/abstract/abstract.aux) (/home/leticia/√Årea de Trabalho/Leticia/Universidade/2023 - 2/Oficinas/Oficinas_2_doc/Proposta-projeto/textual/1_introducao/1_introducao.aux) (/home/leticia/√Årea de Trabalho/Leticia/Universidade/2023 - 2/Oficinas/Oficinas_2_doc/Proposta-projeto/textual/2_fundamenta√ßao/fundamentacao.aux) (/home/leticia/√Årea de Trabalho/Leticia/Universidade/2023 - 2/Oficinas/Oficinas_2_doc/Proposta-projeto/textual/3_metodologia/metodologia.aux) (/home/leticia/√Årea de Trabalho/Leticia/Universidade/2023 - 2/Oficinas/Oficinas_2_doc/Proposta-projeto/textual/4_experimentos/experimentos.aux) (/home/leticia/√Årea de Trabalho/Leticia/Universidade/2023 - 2/Oficinas/Oficinas_2_doc/Proposta-projeto/textual/5_cronograma/cronograma.aux

LaTeX Warning: Label `quad:exemplo1' multiply defined.

) (/home/leticia/√Årea de Trabalho/Leticia/Universidade/2023 - 2/Oficinas/Oficinas_2_doc/Proposta-projeto/textual/6_conclusoes/conclusao.aux))
\openout1 = `main_file.aux'.

LaTeX Font Info:    Checking defaults for OML/cmm/m/it on input line 120.
LaTeX Font Info:    ... okay on input line 120.
LaTeX Font Info:    Checking defaults for OMS/cmsy/m/n on input line 120.
LaTeX Font Info:    ... okay on input line 120.
LaTeX Font Info:    Checking defaults for OT1/cmr/m/n on input line 120.
LaTeX Font Info:    ... okay on input line 120.
LaTeX Font Info:    Checking defaults for T1/cmr/m/n on input line 120.
LaTeX Font Info:    ... okay on input line 120.
LaTeX Font Info:    Checking defaults for TS1/cmr/m/n on input line 120.
LaTeX Font Info:    ... okay on input line 120.
LaTeX Font Info:    Checking defaults for OMX/cmex/m/n on input line 120.
LaTeX Font Info:    ... okay on input line 120.
LaTeX Font Info:    Checking defaults for U/cmr/m/n on input line 120.
LaTeX Font Info:    ... okay on input line 120.
LaTeX Font Info:    Checking defaults for PD1/pdf/m/n on input line 120.
LaTeX Font Info:    ... okay on input line 120.
 (/usr/share/texlive/texmf-dist/tex/context/base/mkii/supp-pdf.mkii
[Loading MPS to PDF converter (version 2006.09.02).]
\scratchcounter=\count416
\scratchdimen=\dimen301
\scratchbox=\box66
\nofMPsegments=\count417
\nofMParguments=\count418
\everyMPshowfont=\toks66
\MPscratchCnt=\count419
\MPscratchDim=\dimen302
\MPnumerator=\count420
\makeMPintoPDFobject=\count421
\everyMPtoPDFconversion=\toks67
) (/usr/share/texlive/texmf-dist/tex/latex/epstopdf-pkg/epstopdf-base.sty
Package: epstopdf-base 2020-01-24 v2.11 Base part for package epstopdf
 (/usr/share/texlive/texmf-dist/tex/latex/grfext/grfext.sty
Package: grfext 2019/12/03 v1.3 Manage graphics extensions (HO)
)
Package epstopdf-base Info: Redefining graphics rule for `.eps' on input line 485.
Package grfext Info: Graphics extension search list:
(grfext)             [.pdf,.png,.jpg,.mps,.jpeg,.jbig2,.jb2,.PDF,.PNG,.JPG,.JPEG,.JBIG2,.JB2,.eps]
(grfext)             \AppendGraphicsExtensions on input line 504.
 (/usr/share/texlive/texmf-dist/tex/latex/latexconfig/epstopdf-sys.cfg
File: epstopdf-sys.cfg 2010/07/13 v1.3 Configuration of (r)epstopdf for TeX Live
))
\AtBeginShipoutBox=\box67
Package hyperref Info: Link coloring ON on input line 120.
 (/usr/share/texlive/texmf-dist/tex/latex/hyperref/nameref.sty
Package: nameref 2019/09/16 v2.46 Cross-referencing by name of section
 (/usr/share/texlive/texmf-dist/tex/latex/refcount/refcount.sty
Package: refcount 2019/12/15 v3.6 Data extraction from label references (HO)
) (/usr/share/texlive/texmf-dist/tex/generic/gettitlestring/gettitlestring.sty
Package: gettitlestring 2019/12/15 v1.6 Cleanup title references (HO)
)
\c@section@level=\count422
)
Redoing nameref's sectioning
Redoing nameref's label
LaTeX Info: Redefining \nameref on input line 120.
LaTeX Info: Redefining \ref on input line 120.
LaTeX Info: Redefining \pageref on input line 120.
LaTeX Info: Redefining \nameref on input line 120.
LaTeX Info: Redefining \degres on input line 120.
LaTeX Info: Redefining \dots on input line 120.
LaTeX Info: Redefining \up on input line 120.
\myptabbox=\box68
\myptabboxwidth=\skip311
*geometry* driver: auto-detecting
*geometry* detected driver: pdftex
*geometry* verbose mode - [ preamble ] result:
* driver: pdftex
* paper: a4paper
* layout: <same size as paper>
* layoutoffset:(h,v)=(0.0pt,0.0pt)
* modes: 
* h-part:(L,W,R)=(85.35826pt, 455.24411pt, 56.9055pt)
* v-part:(T,H,B)=(85.35826pt, 702.78308pt, 56.9055pt)
* \paperwidth=597.50787pt
* \paperheight=845.04684pt
* \textwidth=455.24411pt
* \textheight=702.78308pt
* \oddsidemargin=13.08827pt
* \evensidemargin=13.08827pt
* \topmargin=-31.01347pt
* \headheight=28.45274pt
* \headsep=15.649pt
* \topskip=12.0pt
* \footskip=14.22636pt
* \marginparwidth=42.9055pt
* \marginparsep=7.0pt
* \columnsep=10.0pt
* \skip\footins=12.0pt plus 4.0pt minus 4.0pt
* \hoffset=0.0pt
* \voffset=0.0pt
* \mag=1000
* \@twocolumnfalse
* \@twosidefalse
* \@mparswitchfalse
* \@reversemarginfalse
* (1in=72.27pt=25.4mm, 1cm=28.453pt)

Package lastpage Info: Please have a look at the pageslts package at
(lastpage)             https://www.ctan.org/pkg/pageslts
(lastpage)             ! on input line 120.
(/home/leticia/√Årea de Trabalho/Leticia/Universidade/2023 - 2/Oficinas/Oficinas_2_doc/Proposta-projeto/main_file.glsdefs)<<ot1.cmap>><<oml.cmap>><<oms.cmap>><<omx.cmap>>
LaTeX Font Info:    Trying to load font information for U+msa on input line 120.
 (/usr/share/texlive/texmf-dist/tex/latex/amsfonts/umsa.fd
File: umsa.fd 2013/01/14 v3.01 AMS symbols A
)
LaTeX Font Info:    Trying to load font information for U+msb on input line 120.
 (/usr/share/texlive/texmf-dist/tex/latex/amsfonts/umsb.fd
File: umsb.fd 2013/01/14 v3.01 AMS symbols B
)
LaTeX Font Info:    Trying to load font information for U+wasy on input line 120.
 (/usr/share/texlive/texmf-dist/tex/latex/wasysym/uwasy.fd
File: uwasy.fd 2020/01/19 v2.4 Wasy-2 symbol font definitions
)<<ot1tt.cmap>>
Package caption Info: Begin \AtBeginDocument code.
Package caption Info: xtab package is loaded.
Package caption Info: End \AtBeginDocument code.
 (/usr/share/texlive/texmf-dist/tex/latex/pdflscape/pdflscape.sty
Package: pdflscape 2019/12/05 v0.12 Display of landscape pages in PDF (HO)
 (/usr/share/texlive/texmf-dist/tex/latex/graphics/lscape.sty
Package: lscape 2000/10/22 v3.01 Landscape Pages (DPC)
)
Package pdflscape Info: Auto-detected driver: pdftex on input line 81.
)
\openout4 = `main_file.mw'.

 [1


{/var/lib/texmf/fonts/map/pdftex/updmap/pdftex.map}] (/home/leticia/√Årea de Trabalho/Leticia/Universidade/2023 - 2/Oficinas/Oficinas_2_doc/Proposta-projeto/main_file.mw)
\openout4 = `main_file.mw'.

*geometry* verbose mode - [ newgeometry ] result:
* driver: pdftex
* paper: a4paper
* layout: <same size as paper>
* layoutoffset:(h,v)=(0.0pt,0.0pt)
* modes: 
* h-part:(L,W,R)=(85.35826pt, 422.52252pt, 89.62709pt)
* v-part:(T,H,B)=(101.40665pt, 591.5302pt, 152.11pt)
* \paperwidth=597.50787pt
* \paperheight=845.04684pt
* \textwidth=422.52252pt
* \textheight=591.5302pt
* \oddsidemargin=13.08827pt
* \evensidemargin=13.08827pt
* \topmargin=-14.96509pt
* \headheight=28.45274pt
* \headsep=15.649pt
* \topskip=12.0pt
* \footskip=14.22636pt
* \marginparwidth=42.9055pt
* \marginparsep=7.0pt
* \columnsep=10.0pt
* \skip\footins=12.0pt plus 4.0pt minus 4.0pt
* \hoffset=0.0pt
* \voffset=0.0pt
* \mag=1000
* \@twocolumnfalse
* \@twosidefalse
* \@mparswitchfalse
* \@reversemarginfalse
* (1in=72.27pt=25.4mm, 1cm=28.453pt)


Underfull \hbox (badness 5847) in paragraph at lines 134--134
[]\T1/ptm/m/n/12 Proposta de pro-jeto apre-sen-tado como
 []


Underfull \hbox (badness 7064) in paragraph at lines 134--134
\T1/ptm/m/n/12 re-qui-sito para apro-va-Á„o na dis-ci-plina
 []


Underfull \hbox (badness 10000) in paragraph at lines 134--134

 []

<./Licencas/CC-BY.png, id=18, 97.0827pt x 33.9669pt>
File: ./Licencas/CC-BY.png Graphic file (type png)
<use ./Licencas/CC-BY.png>
Package pdftex.def Info: ./Licencas/CC-BY.png  used on input line 134.
(pdftex.def)             Requested size: 67.60515pt x 23.65434pt.

Package Fancyhdr Warning: \footskip is too small (28.45274pt): 
Make it at least 29.82245pt.
We now make it that large for the rest of the document.
This may cause the page layout to be inconsistent, however.

\openout4 = `main_file.mw'.

[1





 <./Licencas/CC-BY.png>] (/home/leticia/√Årea de Trabalho/Leticia/Universidade/2023 - 2/Oficinas/Oficinas_2_doc/Proposta-projeto/main_file.mw)
\openout4 = `main_file.mw'.

\openout2 = `preTextuais/resumo/resumo.aux'.

 (/home/leticia/√Årea de Trabalho/Leticia/Universidade/2023 - 2/Oficinas/Oficinas_2_doc/Proposta-projeto/preTextuais/resumo/resumo.tex
\openout4 = `main_file.mw'.

 [2



] (/home/leticia/√Årea de Trabalho/Leticia/Universidade/2023 - 2/Oficinas/Oficinas_2_doc/Proposta-projeto/main_file.mw)
\openout4 = `main_file.mw'.

)
\openout2 = `preTextuais/abstract/abstract.aux'.

 (/home/leticia/√Årea de Trabalho/Leticia/Universidade/2023 - 2/Oficinas/Oficinas_2_doc/Proposta-projeto/preTextuais/abstract/abstract.tex
\openout4 = `main_file.mw'.

 [3



] (/home/leticia/√Årea de Trabalho/Leticia/Universidade/2023 - 2/Oficinas/Oficinas_2_doc/Proposta-projeto/main_file.mw)
\openout4 = `main_file.mw'.

) (/home/leticia/√Årea de Trabalho/Leticia/Universidade/2023 - 2/Oficinas/Oficinas_2_doc/Proposta-projeto/main_file.lof) (/home/leticia/√Årea de Trabalho/Leticia/Universidade/2023 - 2/Oficinas/Oficinas_2_doc/Proposta-projeto/main_file.lop) (/home/leticia/√Årea de Trabalho/Leticia/Universidade/2023 - 2/Oficinas/Oficinas_2_doc/Proposta-projeto/main_file.loh) (/home/leticia/√Årea de Trabalho/Leticia/Universidade/2023 - 2/Oficinas/Oficinas_2_doc/Proposta-projeto/main_file.lod)
\openout4 = `main_file.mw'.

 [4


] (/home/leticia/√Årea de Trabalho/Leticia/Universidade/2023 - 2/Oficinas/Oficinas_2_doc/Proposta-projeto/main_file.mw)
\openout4 = `main_file.mw'.

 (/home/leticia/√Årea de Trabalho/Leticia/Universidade/2023 - 2/Oficinas/Oficinas_2_doc/Proposta-projeto/main_file.toc)
\openout4 = `main_file.mw'.

 [5

] (/home/leticia/√Årea de Trabalho/Leticia/Universidade/2023 - 2/Oficinas/Oficinas_2_doc/Proposta-projeto/main_file.mw)
\openout4 = `main_file.mw'.

\openout4 = `main_file.mw'.

 [6] (/home/leticia/√Årea de Trabalho/Leticia/Universidade/2023 - 2/Oficinas/Oficinas_2_doc/Proposta-projeto/main_file.mw)
\openout4 = `main_file.mw'.

\openout2 = `textual/1_introducao/1_introducao.aux'.

 (/home/leticia/√Årea de Trabalho/Leticia/Universidade/2023 - 2/Oficinas/Oficinas_2_doc/Proposta-projeto/textual/1_introducao/1_introducao.tex
\openout4 = `main_file.mw'.

 [7



] (/home/leticia/√Årea de Trabalho/Leticia/Universidade/2023 - 2/Oficinas/Oficinas_2_doc/Proposta-projeto/main_file.mw)
\openout4 = `main_file.mw'.

LaTeX Font Info:    Trying to load font information for TS1+ptm on input line 52.
 (/usr/share/texlive/texmf-dist/tex/latex/psnfss/ts1ptm.fd
File: ts1ptm.fd 2001/06/04 font definitions for TS1/ptm.
)
\openout4 = `main_file.mw'.

 [8] (/home/leticia/√Årea de Trabalho/Leticia/Universidade/2023 - 2/Oficinas/Oficinas_2_doc/Proposta-projeto/main_file.mw)
\openout4 = `main_file.mw'.

\openout4 = `main_file.mw'.

 [9] (/home/leticia/√Årea de Trabalho/Leticia/Universidade/2023 - 2/Oficinas/Oficinas_2_doc/Proposta-projeto/main_file.mw)
\openout4 = `main_file.mw'.

\openout4 = `main_file.mw'.

 [10] (/home/leticia/√Årea de Trabalho/Leticia/Universidade/2023 - 2/Oficinas/Oficinas_2_doc/Proposta-projeto/main_file.mw)
\openout4 = `main_file.mw'.

\openout4 = `main_file.mw'.

 [11] (/home/leticia/√Årea de Trabalho/Leticia/Universidade/2023 - 2/Oficinas/Oficinas_2_doc/Proposta-projeto/main_file.mw)
\openout4 = `main_file.mw'.

\openout4 = `main_file.mw'.

 [12] (/home/leticia/√Årea de Trabalho/Leticia/Universidade/2023 - 2/Oficinas/Oficinas_2_doc/Proposta-projeto/main_file.mw)
\openout4 = `main_file.mw'.


Underfull \hbox (badness 10000) in paragraph at lines 238--238
[]|\T1/ptm/b/n/10 EstratÈgia de
 []


Underfull \hbox (badness 1874) in paragraph at lines 239--239
[]|\T1/ptm/m/n/10 Falha na De-tec-
 []


Underfull \hbox (badness 5985) in paragraph at lines 239--239
[]|\T1/ptm/m/n/10 Aprimorar al-go-
 []


Underfull \hbox (badness 1112) in paragraph at lines 239--239
\T1/ptm/m/n/10 rit-mos de de-tec-
 []


Underfull \hbox (badness 10000) in paragraph at lines 239--239
\T1/ptm/m/n/10 Á„o, con-si-de-rar
 []


Underfull \hbox (badness 10000) in paragraph at lines 239--239
\T1/ptm/m/n/10 re-dun-d‚n-cia de
 []


Underfull \hbox (badness 10000) in paragraph at lines 240--240
[]|\T1/ptm/m/n/10 Dificuldades de
 []


Underfull \hbox (badness 10000) in paragraph at lines 240--240
[]|\T1/ptm/m/n/10 Desenvolver
 []


Underfull \hbox (badness 10000) in paragraph at lines 240--240
\T1/ptm/m/n/10 zar dis-tri-bui-Á„o
 []


Underfull \hbox (badness 10000) in paragraph at lines 242--242
[]|\T1/ptm/m/n/10 Complexidade
 []


Underfull \hbox (badness 10000) in paragraph at lines 242--242
\T1/ptm/m/n/10 de In-te-gra-Á„o
 []


Underfull \hbox (badness 8000) in paragraph at lines 242--242
\T1/ptm/m/n/10 de Hard-ware e
 []


Underfull \hbox (badness 4429) in paragraph at lines 242--242
[]|\T1/ptm/m/n/10 Abordagem mo-
 []


Underfull \hbox (badness 1178) in paragraph at lines 242--242
\T1/ptm/m/n/10 du-lar, tes-tes fre-
 []


Underfull \hbox (badness 1762) in paragraph at lines 242--242
\T1/ptm/m/n/10 quen-tes de in-te-
 []


Underfull \hbox (badness 2762) in paragraph at lines 243--243
[]|\T1/ptm/m/n/10 Desafios na Fa-
 []


Overfull \hbox (1.63719pt too wide) in paragraph at lines 244--244
[]|\T1/ptm/m/n/10 Incompatibilidade
 []


Underfull \hbox (badness 10000) in paragraph at lines 244--244
[]|\T1/ptm/m/n/10 Testes prÈ-vios
 []


Underfull \hbox (badness 10000) in paragraph at lines 244--244
\T1/ptm/m/n/10 de com-pa-ti-bi-
 []


Underfull \hbox (badness 10000) in paragraph at lines 244--244
\T1/ptm/m/n/10 li-dade, uso de
 []


Underfull \hbox (badness 10000) in paragraph at lines 244--244
\T1/ptm/m/n/10 com-po-nen-tes
 []


Underfull \hbox (badness 4429) in paragraph at lines 245--245
\T1/ptm/m/n/10 po-nen-tes Ele-trÙ-
 []


Underfull \hbox (badness 10000) in paragraph at lines 245--245
[]|\T1/ptm/m/n/10 ProteÁ„o con-tra
 []


Underfull \hbox (badness 1577) in paragraph at lines 245--245
\T1/ptm/m/n/10 pi-cos de ten-s„o,
 []


Underfull \hbox (badness 10000) in paragraph at lines 245--245
\T1/ptm/m/n/10 tes-tes de carga
 []


Underfull \hbox (badness 10000) in paragraph at lines 246--246
\T1/ptm/m/n/10 com for-ne-ce-do-
 []


Underfull \hbox (badness 6348) in paragraph at lines 246--246
\T1/ptm/m/n/10 res, es-to-que de
 []


Underfull \hbox (badness 10000) in paragraph at lines 247--247
[]|\T1/ptm/m/n/10 Implementar
 []


Underfull \hbox (badness 10000) in paragraph at lines 247--247
\T1/ptm/m/n/10 pro-ce-di-men-tos
 []


Underfull \hbox (badness 10000) in paragraph at lines 247--247
\T1/ptm/m/n/10 de ca-li-bra-Á„o
 []


Underfull \hbox (badness 10000) in paragraph at lines 247--247
\T1/ptm/m/n/10 ri-go-ro-sos, ve-ri-
 []


Underfull \hbox (badness 10000) in paragraph at lines 247--247
\T1/ptm/m/n/10 fi-car e ajus-tar
 []


Underfull \hbox (badness 10000) in paragraph at lines 247--247
\T1/ptm/m/n/10 re-gu-lar-mente os
 []


Underfull \hbox (badness 10000) in paragraph at lines 248--248
[]|\T1/ptm/m/n/10 InterferÍncia de
 []


Underfull \hbox (badness 10000) in paragraph at lines 248--248
[]|\T1/ptm/m/n/10 Realizar tes-tes
 []


Underfull \hbox (badness 10000) in paragraph at lines 248--248
\T1/ptm/m/n/10 em di-fe-ren-tes
 []


Underfull \hbox (badness 1122) in paragraph at lines 248--248
\T1/ptm/m/n/10 am-bi-en-tes, iso-lar
 []


Underfull \hbox (badness 10000) in paragraph at lines 248--248
\T1/ptm/m/n/10 com-po-nen-tes
 []


LaTeX Warning: Float too large for page by 19.21692pt on input line 251.


LaTeX Warning: `h' float specifier changed to `ht'.

)
\openout4 = `main_file.mw'.

 [13] (/home/leticia/√Årea de Trabalho/Leticia/Universidade/2023 - 2/Oficinas/Oficinas_2_doc/Proposta-projeto/main_file.mw)
\openout4 = `main_file.mw'.

\openout4 = `main_file.mw'.

 [14] (/home/leticia/√Årea de Trabalho/Leticia/Universidade/2023 - 2/Oficinas/Oficinas_2_doc/Proposta-projeto/main_file.mw)
\openout4 = `main_file.mw'.

\openout2 = `textual/2_fundamenta√ßao/fundamentacao.aux'.

 (/home/leticia/√Årea de Trabalho/Leticia/Universidade/2023 - 2/Oficinas/Oficinas_2_doc/Proposta-projeto/textual/2_fundamenta√ßao/fundamentacao.tex
\openout4 = `main_file.mw'.

 [15



] (/home/leticia/√Årea de Trabalho/Leticia/Universidade/2023 - 2/Oficinas/Oficinas_2_doc/Proposta-projeto/main_file.mw)
\openout4 = `main_file.mw'.



LaTeX Warning: Command \textordmasculine invalid in math mode on input line 54.


LaTeX Warning: Command \textordmasculine invalid in math mode on input line 54.

Missing character: There is no ∫ in font cmr12!

LaTeX Warning: Command \textordmasculine invalid in math mode on input line 54.


LaTeX Warning: Command \textordmasculine invalid in math mode on input line 54.

Missing character: There is no ∫ in font cmr12!

LaTeX Warning: Command \textordmasculine invalid in math mode on input line 54.


LaTeX Warning: Command \textordmasculine invalid in math mode on input line 54.

Missing character: There is no ∫ in font cmr12!
\openout4 = `main_file.mw'.

[16] (/home/leticia/√Årea de Trabalho/Leticia/Universidade/2023 - 2/Oficinas/Oficinas_2_doc/Proposta-projeto/main_file.mw)
\openout4 = `main_file.mw'.

\openout4 = `main_file.mw'.

 [17] (/home/leticia/√Årea de Trabalho/Leticia/Universidade/2023 - 2/Oficinas/Oficinas_2_doc/Proposta-projeto/main_file.mw)
\openout4 = `main_file.mw'.



LaTeX Warning: Reference `fig: giroscopio' on page 18 undefined on input line 94.

)
\openout4 = `main_file.mw'.

 [18] (/home/leticia/√Årea de Trabalho/Leticia/Universidade/2023 - 2/Oficinas/Oficinas_2_doc/Proposta-projeto/main_file.mw)
\openout4 = `main_file.mw'.

\openout4 = `main_file.mw'.

 [19] (/home/leticia/√Årea de Trabalho/Leticia/Universidade/2023 - 2/Oficinas/Oficinas_2_doc/Proposta-projeto/main_file.mw)
\openout4 = `main_file.mw'.

\openout2 = `textual/3_metodologia/metodologia.aux'.

 (/home/leticia/√Årea de Trabalho/Leticia/Universidade/2023 - 2/Oficinas/Oficinas_2_doc/Proposta-projeto/textual/3_metodologia/metodologia.tex
\openout4 = `main_file.mw'.

 [20



] (/home/leticia/√Årea de Trabalho/Leticia/Universidade/2023 - 2/Oficinas/Oficinas_2_doc/Proposta-projeto/main_file.mw)
\openout4 = `main_file.mw'.

)
\openout4 = `main_file.mw'.

 [21] (/home/leticia/√Årea de Trabalho/Leticia/Universidade/2023 - 2/Oficinas/Oficinas_2_doc/Proposta-projeto/main_file.mw)
\openout4 = `main_file.mw'.

\openout4 = `main_file.mw'.

 [22] (/home/leticia/√Årea de Trabalho/Leticia/Universidade/2023 - 2/Oficinas/Oficinas_2_doc/Proposta-projeto/main_file.mw)
\openout4 = `main_file.mw'.

\openout2 = `textual/4_experimentos/experimentos.aux'.

 (/home/leticia/√Årea de Trabalho/Leticia/Universidade/2023 - 2/Oficinas/Oficinas_2_doc/Proposta-projeto/textual/4_experimentos/experimentos.tex)
\openout4 = `main_file.mw'.

 [23



] (/home/leticia/√Årea de Trabalho/Leticia/Universidade/2023 - 2/Oficinas/Oficinas_2_doc/Proposta-projeto/main_file.mw)
\openout4 = `main_file.mw'.

\openout2 = `textual/5_cronograma/cronograma.aux'.

 (/home/leticia/√Årea de Trabalho/Leticia/Universidade/2023 - 2/Oficinas/Oficinas_2_doc/Proposta-projeto/textual/5_cronograma/cronograma.tex)
\openout4 = `main_file.mw'.

 [24



] (/home/leticia/√Årea de Trabalho/Leticia/Universidade/2023 - 2/Oficinas/Oficinas_2_doc/Proposta-projeto/main_file.mw)
\openout4 = `main_file.mw'.

\openout2 = `textual/6_conclusoes/conclusao.aux'.

 (/home/leticia/√Årea de Trabalho/Leticia/Universidade/2023 - 2/Oficinas/Oficinas_2_doc/Proposta-projeto/textual/6_conclusoes/conclusao.tex)
\openout4 = `main_file.mw'.

 [25



] (/home/leticia/√Årea de Trabalho/Leticia/Universidade/2023 - 2/Oficinas/Oficinas_2_doc/Proposta-projeto/main_file.mw)
\openout4 = `main_file.mw'.

 (/home/leticia/√Årea de Trabalho/Leticia/Universidade/2023 - 2/Oficinas/Oficinas_2_doc/Proposta-projeto/main_file.bbl
bibitemlist
) 
AED: lastpage setting LastPage
\openout4 = `main_file.mw'.

[26


] (/home/leticia/√Årea de Trabalho/Leticia/Universidade/2023 - 2/Oficinas/Oficinas_2_doc/Proposta-projeto/main_file.mw)
\openout4 = `main_file.mw'.

\tf@lof=\write19
\openout4 = `main_file.lof'.

\tf@lop=\write20
\openout4 = `main_file.lop'.

\tf@loh=\write21
\openout4 = `main_file.loh'.

\tf@lod=\write22
\openout4 = `main_file.lod'.

\tf@toc=\write23
\openout4 = `main_file.toc'.

Package atveryend Info: Empty hook `BeforeClearDocument' on input line 170.
Package atveryend Info: Empty hook `AfterLastShipout' on input line 170.
 (/home/leticia/√Årea de Trabalho/Leticia/Universidade/2023 - 2/Oficinas/Oficinas_2_doc/Proposta-projeto/main_file.aux
\openout4 = `main_file.mw'.

\openout4 = `main_file.mw'.

\openout4 = `main_file.mw'.

\openout4 = `main_file.mw'.

\openout4 = `main_file.mw'.

\openout4 = `main_file.mw'.

\openout4 = `main_file.mw'.

\openout4 = `main_file.mw'.

 (/home/leticia/√Årea de Trabalho/Leticia/Universidade/2023 - 2/Oficinas/Oficinas_2_doc/Proposta-projeto/preTextuais/resumo/resumo.aux) (/home/leticia/√Årea de Trabalho/Leticia/Universidade/2023 - 2/Oficinas/Oficinas_2_doc/Proposta-projeto/preTextuais/abstract/abstract.aux
\openout4 = `main_file.mw'.

\openout4 = `main_file.mw'.

\openout4 = `main_file.mw'.

\openout4 = `main_file.mw'.

\openout4 = `main_file.mw'.

\openout4 = `main_file.mw'.

\openout4 = `main_file.mw'.

\openout4 = `main_file.mw'.

)
\openout4 = `main_file.mw'.

\openout4 = `main_file.mw'.

\openout4 = `main_file.mw'.

\openout4 = `main_file.mw'.

\openout4 = `main_file.mw'.

\openout4 = `main_file.mw'.

\openout4 = `main_file.mw'.

\openout4 = `main_file.mw'.

\openout4 = `main_file.mw'.

\openout4 = `main_file.mw'.

 (/home/leticia/√Årea de Trabalho/Leticia/Universidade/2023 - 2/Oficinas/Oficinas_2_doc/Proposta-projeto/textual/1_introducao/1_introducao.aux
\openout4 = `main_file.mw'.

\openout4 = `main_file.mw'.

\openout4 = `main_file.mw'.

\openout4 = `main_file.mw'.

\openout4 = `main_file.mw'.

\openout4 = `main_file.mw'.

\openout4 = `main_file.mw'.

\openout4 = `main_file.mw'.

\openout4 = `main_file.mw'.

\openout4 = `main_file.mw'.

\openout4 = `main_file.mw'.

\openout4 = `main_file.mw'.

\openout4 = `main_file.mw'.

\openout4 = `main_file.mw'.

\openout4 = `main_file.mw'.

\openout4 = `main_file.mw'.

\openout4 = `main_file.mw'.

\openout4 = `main_file.mw'.

\openout4 = `main_file.mw'.

\openout4 = `main_file.mw'.

\openout4 = `main_file.mw'.

\openout4 = `main_file.mw'.

\openout4 = `main_file.mw'.

\openout4 = `main_file.mw'.

\openout4 = `main_file.mw'.

\openout4 = `main_file.mw'.

\openout4 = `main_file.mw'.

\openout4 = `main_file.mw'.

\openout4 = `main_file.mw'.

\openout4 = `main_file.mw'.

) (/home/leticia/√Årea de Trabalho/Leticia/Universidade/2023 - 2/Oficinas/Oficinas_2_doc/Proposta-projeto/textual/2_fundamenta√ßao/fundamentacao.aux
\openout4 = `main_file.mw'.

\openout4 = `main_file.mw'.

\openout4 = `main_file.mw'.

\openout4 = `main_file.mw'.

\openout4 = `main_file.mw'.

\openout4 = `main_file.mw'.

\openout4 = `main_file.mw'.

\openout4 = `main_file.mw'.

\openout4 = `main_file.mw'.

\openout4 = `main_file.mw'.

\openout4 = `main_file.mw'.

\openout4 = `main_file.mw'.

\openout4 = `main_file.mw'.

\openout4 = `main_file.mw'.

\openout4 = `main_file.mw'.

\openout4 = `main_file.mw'.

\openout4 = `main_file.mw'.

\openout4 = `main_file.mw'.

) (/home/leticia/√Årea de Trabalho/Leticia/Universidade/2023 - 2/Oficinas/Oficinas_2_doc/Proposta-projeto/textual/3_metodologia/metodologia.aux
\openout4 = `main_file.mw'.

\openout4 = `main_file.mw'.

\openout4 = `main_file.mw'.

\openout4 = `main_file.mw'.

\openout4 = `main_file.mw'.

\openout4 = `main_file.mw'.

\openout4 = `main_file.mw'.

\openout4 = `main_file.mw'.

\openout4 = `main_file.mw'.

\openout4 = `main_file.mw'.

\openout4 = `main_file.mw'.

\openout4 = `main_file.mw'.

\openout4 = `main_file.mw'.

\openout4 = `main_file.mw'.

) (/home/leticia/√Årea de Trabalho/Leticia/Universidade/2023 - 2/Oficinas/Oficinas_2_doc/Proposta-projeto/textual/4_experimentos/experimentos.aux
\openout4 = `main_file.mw'.

\openout4 = `main_file.mw'.

\openout4 = `main_file.mw'.

\openout4 = `main_file.mw'.

\openout4 = `main_file.mw'.

\openout4 = `main_file.mw'.

\openout4 = `main_file.mw'.

\openout4 = `main_file.mw'.

\openout4 = `main_file.mw'.

\openout4 = `main_file.mw'.

\openout4 = `main_file.mw'.

\openout4 = `main_file.mw'.

\openout4 = `main_file.mw'.

\openout4 = `main_file.mw'.

\openout4 = `main_file.mw'.

\openout4 = `main_file.mw'.

) (/home/leticia/√Årea de Trabalho/Leticia/Universidade/2023 - 2/Oficinas/Oficinas_2_doc/Proposta-projeto/textual/5_cronograma/cronograma.aux
\openout4 = `main_file.mw'.

\openout4 = `main_file.mw'.

\openout4 = `main_file.mw'.

\openout4 = `main_file.mw'.

\openout4 = `main_file.mw'.

\openout4 = `main_file.mw'.

\openout4 = `main_file.mw'.

\openout4 = `main_file.mw'.

\openout4 = `main_file.mw'.

\openout4 = `main_file.mw'.

) (/home/leticia/√Årea de Trabalho/Leticia/Universidade/2023 - 2/Oficinas/Oficinas_2_doc/Proposta-projeto/textual/6_conclusoes/conclusao.aux
\openout4 = `main_file.mw'.

\openout4 = `main_file.mw'.

\openout4 = `main_file.mw'.

\openout4 = `main_file.mw'.

\openout4 = `main_file.mw'.

\openout4 = `main_file.mw'.

\openout4 = `main_file.mw'.

\openout4 = `main_file.mw'.

)
\openout4 = `main_file.mw'.

\openout4 = `main_file.mw'.

\openout4 = `main_file.mw'.

\openout4 = `main_file.mw'.

)
Package atveryend Info: Executing hook `AtVeryEndDocument' on input line 170.
Package atveryend Info: Empty hook `AtEndAfterFileList' on input line 170.


LaTeX Warning: There were undefined references.


LaTeX Warning: There were multiply-defined labels.

Package atveryend Info: Empty hook `AtVeryVeryEnd' on input line 170.
\openout4 = `main_file.lof'.

\openout4 = `main_file.lop'.

\openout4 = `main_file.loh'.

\openout4 = `main_file.lod'.

\openout4 = `main_file.toc'.

 ) 
Here is how much of TeX's memory you used:
 25105 strings out of 481239
 422730 string characters out of 5920377
 832012 words of memory out of 5000000
 39544 multiletter control sequences out of 15000+600000
 566416 words of font info for 90 fonts, out of 8000000 for 9000
 1141 hyphenation exceptions out of 8191
 65i,17n,110p,1212b,725s stack positions out of 5000i,500n,10000p,200000b,80000s
{/usr/share/texlive/texmf-dist/fonts/enc/dvips/base/8r.enc}</usr/share/texlive/texmf-dist/fonts/type1/public/amsfonts/cm/cmmi12.pfb></usr/share/texlive/texmf-dist/fonts/type1/public/amsfonts/cm/cmmi8.pfb></usr/share/texlive/texmf-dist/fonts/type1/public/amsfonts/cm/cmr12.pfb></usr/share/texlive/texmf-dist/fonts/type1/public/amsfonts/cm/cmsy10.pfb></usr/share/texlive/texmf-dist/fonts/type1/urw/times/utmb8a.pfb></usr/share/texlive/texmf-dist/fonts/type1/urw/times/utmbi8a.pfb></usr/share/texlive/texmf-dist/fonts/type1/urw/times/utmr8a.pfb></usr/share/texlive/texmf-dist/fonts/type1/urw/times/utmri8a.pfb>
Output written on "/home/leticia/√Årea de Trabalho/Leticia/Universidade/2023 - 2/Oficinas/Oficinas_2_doc/Proposta-projeto/main_file.pdf" (27 pages, 145708 bytes).
PDF statistics:
 471 PDF objects out of 1000 (max. 8388607)
 421 compressed objects within 5 object streams
 92 named destinations out of 1000 (max. 500000)
 398 words of extra memory for PDF output out of 10000 (max. 10000000)

